<?xml version="1.0" encoding="UTF-8"?>
<testng-results ignored="0" total="1" passed="1" failed="0" skipped="0">
  <reporter-output>
  </reporter-output>
  <suite started-at="2021-08-30T17:23:46 IST" name="Suite" finished-at="2021-08-30T17:25:24 IST" duration-ms="98692">
    <groups>
    </groups>
    <test started-at="2021-08-30T17:23:46 IST" name="Test" finished-at="2021-08-30T17:25:24 IST" duration-ms="98692">
      <class name="MavenProject.MavenPKG.NewTest">
        <test-method signature="f()[pri:0, instance:MavenProject.MavenPKG.NewTest@6ca8564a]" started-at="2021-08-30T17:23:46 IST" name="f" finished-at="2021-08-30T17:25:24 IST" duration-ms="98639" status="PASS">
          <reporter-output>
          </reporter-output>
        </test-method> <!-- f -->
      </class> <!-- MavenProject.MavenPKG.NewTest -->
    </test> <!-- Test -->
  </suite> <!-- Suite -->
</testng-results>
