<?xml version="1.0" encoding="UTF-8"?>
<testng-results ignored="0" total="1" passed="1" failed="0" skipped="0">
  <reporter-output>
  </reporter-output>
  <suite started-at="2021-09-14T14:44:07 IST" name="Suite" finished-at="2021-09-14T14:44:18 IST" duration-ms="11196">
    <groups>
    </groups>
    <test started-at="2021-09-14T14:44:07 IST" name="Test" finished-at="2021-09-14T14:44:18 IST" duration-ms="11196">
      <class name="MavenProject.MavenPKG.NewTest">
        <test-method signature="f()[pri:0, instance:MavenProject.MavenPKG.NewTest@6973bf95]" started-at="2021-09-14T14:44:07 IST" name="f" finished-at="2021-09-14T14:44:18 IST" duration-ms="11164" status="PASS">
          <reporter-output>
          </reporter-output>
        </test-method> <!-- f -->
      </class> <!-- MavenProject.MavenPKG.NewTest -->
    </test> <!-- Test -->
  </suite> <!-- Suite -->
</testng-results>
